# JRE version: OpenJDK Runtime Environment (8.0_76-b03) (build 1.8.0_76-release-b03)
# Java VM: OpenJDK 64-Bit Server VM (25.76-b03 mixed mode windows-amd64 compressed oops)
Heap:
 PSYoungGen      total 206848K, used 150121K [0x00000000eab00000, 0x00000000f8900000, 0x0000000100000000)
  eden space 197120K, 76% used [0x00000000eab00000,0x00000000f3d9a448,0x00000000f6b80000)
  from space 9728K, 0% used [0x00000000f7880000,0x00000000f7880000,0x00000000f8200000)
  to   space 13312K, 0% used [0x00000000f6b80000,0x00000000f6b80000,0x00000000f7880000)
 ParOldGen       total 48640K, used 27051K [0x00000000c0000000, 0x00000000c2f80000, 0x00000000eab00000)
  object space 48640K, 55% used [0x00000000c0000000,0x00000000c1a6ae38,0x00000000c2f80000)
 Metaspace       used 46227K, capacity 47596K, committed 47744K, reserved 1091584K
  class space    used 5887K, capacity 6188K, committed 6272K, reserved 1048576K
GC Heap History (10 events):
Event: 16.384 GC heap before
{Heap before GC invocations=15 (full 1):
 PSYoungGen      total 110592K, used 23925K [0x00000000eab00000, 0x00000000f4d00000, 0x0000000100000000)
  eden space 102912K, 15% used [0x00000000eab00000,0x00000000ebae3420,0x00000000f0f80000)
  from space 7680K, 99% used [0x00000000f0f80000,0x00000000f16fa148,0x00000000f1700000)
  to   space 9728K, 0% used [0x00000000f4380000,0x00000000f4380000,0x00000000f4d00000)
 ParOldGen       total 34304K, used 15934K [0x00000000c0000000, 0x00000000c2180000, 0x00000000eab00000)
  object space 34304K, 46% used [0x00000000c0000000,0x00000000c0f8fbf8,0x00000000c2180000)
 Metaspace       used 34468K, capacity 35266K, committed 35456K, reserved 1079296K
  class space    used 4424K, capacity 4630K, committed 4736K, reserved 1048576K
Event: 16.397 GC heap after
Heap after GC invocations=15 (full 1):
 PSYoungGen      total 152064K, used 480K [0x00000000eab00000, 0x00000000f4b80000, 0x0000000100000000)
  eden space 143872K, 0% used [0x00000000eab00000,0x00000000eab00000,0x00000000f3780000)
  from space 8192K, 5% used [0x00000000f4380000,0x00000000f43f8000,0x00000000f4b80000)
  to   space 10240K, 0% used [0x00000000f3780000,0x00000000f3780000,0x00000000f4180000)
 ParOldGen       total 34304K, used 18858K [0x00000000c0000000, 0x00000000c2180000, 0x00000000eab00000)
  object space 34304K, 54% used [0x00000000c0000000,0x00000000c126a9e0,0x00000000c2180000)
 Metaspace       used 34468K, capacity 35266K, committed 35456K, reserved 1079296K
  class space    used 4424K, capacity 4630K, committed 4736K, reserved 1048576K
}
Event: 16.397 GC heap before
{Heap before GC invocations=16 (full 2):
 PSYoungGen      total 152064K, used 480K [0x00000000eab00000, 0x00000000f4b80000, 0x0000000100000000)
  eden space 143872K, 0% used [0x00000000eab00000,0x00000000eab00000,0x00000000f3780000)
  from space 8192K, 5% used [0x00000000f4380000,0x00000000f43f8000,0x00000000f4b80000)
  to   space 10240K, 0% used [0x00000000f3780000,0x00000000f3780000,0x00000000f4180000)
 ParOldGen       total 34304K, used 18858K [0x00000000c0000000, 0x00000000c2180000, 0x00000000eab00000)
  object space 34304K, 54% used [0x00000000c0000000,0x00000000c126a9e0,0x00000000c2180000)
 Metaspace       used 34468K, capacity 35266K, committed 35456K, reserved 1079296K
  class space    used 4424K, capacity 4630K, committed 4736K, reserved 1048576K
Event: 16.537 GC heap after
Heap after GC invocations=16 (full 2):
 PSYoungGen      total 152064K, used 0K [0x00000000eab00000, 0x00000000f4b80000, 0x0000000100000000)
  eden space 143872K, 0% used [0x00000000eab00000,0x00000000eab00000,0x00000000f3780000)
  from space 8192K, 0% used [0x00000000f4380000,0x00000000f4380000,0x00000000f4b80000)
  to   space 10240K, 0% used [0x00000000f3780000,0x00000000f3780000,0x00000000f4180000)
 ParOldGen       total 48640K, used 14892K [0x00000000c0000000, 0x00000000c2f80000, 0x00000000eab00000)
  object space 48640K, 30% used [0x00000000c0000000,0x00000000c0e8b290,0x00000000c2f80000)
 Metaspace       used 34403K, capacity 35132K, committed 35456K, reserved 1079296K
  class space    used 4404K, capacity 4608K, committed 4736K, reserved 1048576K
}
Event: 23.507 GC heap before
{Heap before GC invocations=17 (full 2):
 PSYoungGen      total 152064K, used 143872K [0x00000000eab00000, 0x00000000f4b80000, 0x0000000100000000)
  eden space 143872K, 100% used [0x00000000eab00000,0x00000000f3780000,0x00000000f3780000)
  from space 8192K, 0% used [0x00000000f4380000,0x00000000f4380000,0x00000000f4b80000)
  to   space 10240K, 0% used [0x00000000f3780000,0x00000000f3780000,0x00000000f4180000)
 ParOldGen       total 48640K, used 14892K [0x00000000c0000000, 0x00000000c2f80000, 0x00000000eab00000)
  object space 48640K, 30% used [0x00000000c0000000,0x00000000c0e8b290,0x00000000c2f80000)
 Metaspace       used 37932K, capacity 38822K, committed 39168K, reserved 1083392K
  class space    used 4841K, capacity 5092K, committed 5120K, reserved 1048576K
Event: 23.528 GC heap after
Heap after GC invocations=17 (full 2):
 PSYoungGen      total 154112K, used 5352K [0x00000000eab00000, 0x00000000f8200000, 0x0000000100000000)
  eden space 143872K, 0% used [0x00000000eab00000,0x00000000eab00000,0x00000000f3780000)
  from space 10240K, 52% used [0x00000000f3780000,0x00000000f3cba118,0x00000000f4180000)
  to   space 9728K, 0% used [0x00000000f7880000,0x00000000f7880000,0x00000000f8200000)
 ParOldGen       total 48640K, used 14900K [0x00000000c0000000, 0x00000000c2f80000, 0x00000000eab00000)
  object space 48640K, 30% used [0x00000000c0000000,0x00000000c0e8d290,0x00000000c2f80000)
 Metaspace       used 37932K, capacity 38822K, committed 39168K, reserved 1083392K
  class space    used 4841K, capacity 5092K, committed 5120K, reserved 1048576K
}
Event: 25.839 GC heap before
{Heap before GC invocations=18 (full 2):
 PSYoungGen      total 154112K, used 100291K [0x00000000eab00000, 0x00000000f8200000, 0x0000000100000000)
  eden space 143872K, 65% used [0x00000000eab00000,0x00000000f07b6db8,0x00000000f3780000)
  from space 10240K, 52% used [0x00000000f3780000,0x00000000f3cba118,0x00000000f4180000)
  to   space 9728K, 0% used [0x00000000f7880000,0x00000000f7880000,0x00000000f8200000)
 ParOldGen       total 48640K, used 14900K [0x00000000c0000000, 0x00000000c2f80000, 0x00000000eab00000)
  object space 48640K, 30% used [0x00000000c0000000,0x00000000c0e8d290,0x00000000c2f80000)
 Metaspace       used 45169K, capacity 46284K, committed 46592K, reserved 1089536K
  class space    used 5820K, capacity 6121K, committed 6144K, reserved 1048576K
Event: 25.874 GC heap after
Heap after GC invocations=18 (full 2):
 PSYoungGen      total 206848K, used 9714K [0x00000000eab00000, 0x00000000f8900000, 0x0000000100000000)
  eden space 197120K, 0% used [0x00000000eab00000,0x00000000eab00000,0x00000000f6b80000)
  from space 9728K, 99% used [0x00000000f7880000,0x00000000f81fcb30,0x00000000f8200000)
  to   space 13312K, 0% used [0x00000000f6b80000,0x00000000f6b80000,0x00000000f7880000)
 ParOldGen       total 48640K, used 19300K [0x00000000c0000000, 0x00000000c2f80000, 0x00000000eab00000)
  object space 48640K, 39% used [0x00000000c0000000,0x00000000c12d9158,0x00000000c2f80000)
 Metaspace       used 45169K, capacity 46284K, committed 46592K, reserved 1089536K
  class space    used 5820K, capacity 6121K, committed 6144K, reserved 1048576K
}
Event: 25.874 GC heap before
{Heap before GC invocations=19 (full 3):
 PSYoungGen      total 206848K, used 9714K [0x00000000eab00000, 0x00000000f8900000, 0x0000000100000000)
  eden space 197120K, 0% used [0x00000000eab00000,0x00000000eab00000,0x00000000f6b80000)
  from space 9728K, 99% used [0x00000000f7880000,0x00000000f81fcb30,0x00000000f8200000)
  to   space 13312K, 0% used [0x00000000f6b80000,0x00000000f6b80000,0x00000000f7880000)
 ParOldGen       total 48640K, used 19300K [0x00000000c0000000, 0x00000000c2f80000, 0x00000000eab00000)
  object space 48640K, 39% used [0x00000000c0000000,0x00000000c12d9158,0x00000000c2f80000)
 Metaspace       used 45169K, capacity 46284K, committed 46592K, reserved 1089536K
  class space    used 5820K, capacity 6121K, committed 6144K, reserved 1048576K
Event: 26.227 GC heap after
Heap after GC invocations=19 (full 3):
 PSYoungGen      total 206848K, used 0K [0x00000000eab00000, 0x00000000f8900000, 0x0000000100000000)
  eden space 197120K, 0% used [0x00000000eab00000,0x00000000eab00000,0x00000000f6b80000)
  from space 9728K, 0% used [0x00000000f7880000,0x00000000f7880000,0x00000000f8200000)
  to   space 13312K, 0% used [0x00000000f6b80000,0x00000000f6b80000,0x00000000f7880000)
 ParOldGen       total 48640K, used 27051K [0x00000000c0000000, 0x00000000c2f80000, 0x00000000eab00000)
  object space 48640K, 55% used [0x00000000c0000000,0x00000000c1a6ae38,0x00000000c2f80000)
 Metaspace       used 45123K, capacity 46146K, committed 46592K, reserved 1089536K
  class space    used 5807K, capacity 6075K, committed 6144K, reserved 1048576K
}

